#
# A fatal error has been detected by the Java Runtime Environment:
#
#  SIGSEGV (0xb) at pc=0x00007fa793a41cf0, pid=7884, tid=140357290231552
#
# JRE version: Java(TM) SE Runtime Environment (8.0_31-b13) (build 1.8.0_31-b13)
# Java VM: Java HotSpot(TM) 64-Bit Server VM (25.31-b07 mixed mode linux-amd64 compressed oops)
# Problematic frame:
# V  [libjvm.so+0x873cf0]  Method::checked_resolve_jmethod_id(_jmethodID*)+0x20
#
# Failed to write core dump. Core dumps have been disabled. To enable core dumping, try "ulimit -c unlimited" before starting Java again
#
# If you would like to submit a bug report, please visit:
#   http://bugreport.java.com/bugreport/crash.jsp
#

---------------  T H R E A D  ---------------

Current thread (0x00007fa78c0b7000):  JavaThread "JDWP Transport Listener: dt_socket" daemon [_thread_in_vm, id=7899, stack(0x00007fa77a5d0000,0x00007fa77a6d1000)]

siginfo: si_signo: 11 (SIGSEGV), si_code: 1 (SEGV_MAPERR), si_addr: 0x00003b6164616461

Registers:
RAX=0x0000000000000001, RBX=0x00007fa78c003460, RCX=0x00007fa794b4b320, RDX=0x00007fa7941297c0
RSP=0x00007fa77a6cf910, RBP=0x00007fa77a6cf920, RSI=0x00007fa78c0b7000, RDI=0x00003b6164616461
R8 =0x0000000000000000, R9 =0x00007fa760009830, R10=0x0000000000000010, R11=0x00007fa7942dad90
R12=0x0000000000000017, R13=0x00003b6164616461, R14=0x00007fa78c0b7000, R15=0x00007fa77a6cfa27
RIP=0x00007fa793a41cf0, EFLAGS=0x0000000000010202, CSGSFS=0x0000000000000033, ERR=0x0000000000000004
  TRAPNO=0x000000000000000e

Top of Stack: (sp=0x00007fa77a6cf910)
0x00007fa77a6cf910:   0000000000000074 00007fa78c003460
0x00007fa77a6cf920:   00007fa77a6cf990 00007fa7938d728e
0x00007fa77a6cf930:   00007fa760009830 00007fa77a6cf940
0x00007fa77a6cf940:   00007fa78c0b7000 0000000000000000
0x00007fa77a6cf950:   00007fa700000000 0000000000000000
0x00007fa77a6cf960:   00007fa77a6cf980 00007fa792884d60
0x00007fa77a6cf970:   00003b6164616461 00007fa77a6cfa27
0x00007fa77a6cf980:   0000000000000001 00007fa77a6cfa27
0x00007fa77a6cf990:   00007fa77a6cf9c0 00007fa792670872
0x00007fa77a6cf9a0:   00007fa77a6cf9c0 00003b6164616461
0x00007fa77a6cf9b0:   00007fa77a6cfa90 0000000000000008
0x00007fa77a6cf9c0:   00007fa77a6cfa50 00007fa792651a60
0x00007fa77a6cf9d0:   00007fa77a6cfa08 00007fa77a6cfa00
0x00007fa77a6cf9e0:   00007fa77a6cf9f8 00007fa77a6cfa1c
0x00007fa77a6cf9f0:   0000000160008650 0000000000000000
0x00007fa77a6cfa00:   0000000000000000 0000000000000000
0x00007fa77a6cfa10:   00007fa760022040 000000097a6cfa90
0x00007fa77a6cfa20:   0000000000000002 0000000000000002
0x00007fa77a6cfa30:   000000000000000f 0000000000000002
0x00007fa77a6cfa40:   00000000000f0200 000000000000000f
0x00007fa77a6cfa50:   00007fa77a6cfca0 00007fa79265c976
0x00007fa77a6cfa60:   000059c600000013 00007fa7930f0200
0x00007fa77a6cfa70:   00007fa758000ba0 0000000000000000
0x00007fa77a6cfa80:   00007fa77a6cfa90 00007fa77a6cfc20
0x00007fa77a6cfa90:   00007fa77a6cfb16 00007fa7000000f6
0x00007fa77a6cfaa0:   00007fa77a6cfaa8 0000000000000036
0x00007fa77a6cfab0:   00007fa77a6cfae0 0000000000000000
0x00007fa77a6cfac0:   00007f0000000000 000059c60000001c
0x00007fa77a6cfad0:   00007fa70000fc80 00007fa77a6cfae0
0x00007fa77a6cfae0:   a77f000002000000 04000000c0670060
0x00007fa77a6cfaf0:   160000006e69616d 2f6176616a4c5b28
0x00007fa77a6cfb00:   7274532f676e616c 000056293b676e69 

Instructions: (pc=0x00007fa793a41cf0)
0x00007fa793a41cd0:   55 48 89 e5 53 48 83 ec 08 48 85 ff 75 12 31 db
0x00007fa793a41ce0:   48 89 d8 48 83 c4 08 5b c9 c3 66 0f 1f 44 00 00
0x00007fa793a41cf0:   48 8b 1f 48 85 db 74 e6 48 83 fb 37 74 e0 48 8b
0x00007fa793a41d00:   03 48 89 df ff 50 10 84 c0 0f 1f 80 00 00 00 00 

Register to memory mapping:

RAX=0x0000000000000001 is an unknown value
RBX=0x00007fa78c003460 is an unknown value
RCX=0x00007fa794b4b320: <offset 0x219320> in /lib/x86_64-linux-gnu/libpthread.so.0 at 0x00007fa794932000
RDX=0x00007fa7941297c0: <offset 0xf5b7c0> in /usr/lib/jvm/java-8-oracle/jre/lib/amd64/server/libjvm.so at 0x00007fa7931ce000
RSP=0x00007fa77a6cf910 is pointing into the stack for thread: 0x00007fa78c0b7000
RBP=0x00007fa77a6cf920 is pointing into the stack for thread: 0x00007fa78c0b7000
RSI=0x00007fa78c0b7000 is a thread
RDI=0x00003b6164616461 is an unknown value
R8 =0x0000000000000000 is an unknown value
R9 =0x00007fa760009830 is an unknown value
R10=0x0000000000000010 is an unknown value
R11=0x00007fa7942dad90: <offset 0x186d90> in /lib/x86_64-linux-gnu/libc.so.6 at 0x00007fa794154000
R12=0x0000000000000017 is an unknown value
R13=0x00003b6164616461 is an unknown value
R14=0x00007fa78c0b7000 is a thread
R15=0x00007fa77a6cfa27 is pointing into the stack for thread: 0x00007fa78c0b7000


Stack: [0x00007fa77a5d0000,0x00007fa77a6d1000],  sp=0x00007fa77a6cf910,  free space=1022k
Native frames: (J=compiled Java code, j=interpreted, Vv=VM code, C=native code)
V  [libjvm.so+0x873cf0]  Method::checked_resolve_jmethod_id(_jmethodID*)+0x20
V  [libjvm.so+0x70928e]  jvmti_IsMethodSynthetic+0x29e
C  [libjdwp.so+0x25872]  isMethodSynthetic+0x42
C  [libjdwp.so+0x6a60]  methods1+0x1b0
C  [libjdwp.so+0x11976]  debugLoop_run+0x2b6
C  [libjdwp.so+0x247af]  attachThread+0x2f
V  [libjvm.so+0x774ff2]  JvmtiAgentThread::call_start_function()+0xc2
V  [libjvm.so+0xa2a9ef]  JavaThread::thread_main_inner()+0xdf
V  [libjvm.so+0xa2ab1c]  JavaThread::run()+0x11c
V  [libjvm.so+0x8e8158]  java_start(Thread*)+0x108
C  [libpthread.so.0+0x80a5]  start_thread+0xc5


---------------  P R O C E S S  ---------------

Java Threads: ( => current thread )
  0x00007fa78c0c5000 JavaThread "Service Thread" daemon [_thread_blocked, id=7908, stack(0x00007fa77a0cb000,0x00007fa77a1cc000)]
  0x00007fa78c0c0000 JavaThread "C1 CompilerThread1" daemon [_thread_blocked, id=7906, stack(0x00007fa77a1cc000,0x00007fa77a2cd000)]
  0x00007fa78c0bd000 JavaThread "C2 CompilerThread0" daemon [_thread_blocked, id=7905, stack(0x00007fa77a2cd000,0x00007fa77a3ce000)]
  0x00007fa760001000 JavaThread "JDWP Command Reader" daemon [_thread_in_native, id=7903, stack(0x00007fa77a3ce000,0x00007fa77a4cf000)]
  0x00007fa78c0ba800 JavaThread "JDWP Event Helper Thread" daemon [_thread_blocked, id=7902, stack(0x00007fa77a4cf000,0x00007fa77a5d0000)]
=>0x00007fa78c0b7000 JavaThread "JDWP Transport Listener: dt_socket" daemon [_thread_in_vm, id=7899, stack(0x00007fa77a5d0000,0x00007fa77a6d1000)]
  0x00007fa78c0a8000 JavaThread "Signal Dispatcher" daemon [_thread_blocked, id=7897, stack(0x00007fa77a8d5000,0x00007fa77a9d6000)]
  0x00007fa78c07b800 JavaThread "Finalizer" daemon [_thread_blocked, id=7895, stack(0x00007fa77a9d6000,0x00007fa77aad7000)]
  0x00007fa78c079800 JavaThread "Reference Handler" daemon [_thread_blocked, id=7894, stack(0x00007fa77aad7000,0x00007fa77abd8000)]
  0x00007fa78c00d000 JavaThread "main" [_thread_blocked, id=7890, stack(0x00007fa794c4e000,0x00007fa794d4f000)]

Other Threads:
  0x00007fa78c074000 VMThread [stack: 0x00007fa77abd8000,0x00007fa77acd9000] [id=7893]
  0x00007fa78c0c7800 WatcherThread [stack: 0x00007fa779fca000,0x00007fa77a0cb000] [id=7909]

VM state:not at safepoint (normal execution)

VM Mutex/Monitor currently owned by a thread: None

Heap:
 PSYoungGen      total 14336K, used 1474K [0x00000000f0500000, 0x00000000f1500000, 0x0000000100000000)
  eden space 12288K, 12% used [0x00000000f0500000,0x00000000f0670b30,0x00000000f1100000)
  from space 2048K, 0% used [0x00000000f1300000,0x00000000f1300000,0x00000000f1500000)
  to   space 2048K, 0% used [0x00000000f1100000,0x00000000f1100000,0x00000000f1300000)
 ParOldGen       total 32768K, used 0K [0x00000000d0e00000, 0x00000000d2e00000, 0x00000000f0500000)
  object space 32768K, 0% used [0x00000000d0e00000,0x00000000d0e00000,0x00000000d2e00000)
 Metaspace       used 3247K, capacity 4490K, committed 4864K, reserved 1056768K
  class space    used 367K, capacity 386K, committed 512K, reserved 1048576K

Card table byte_map: [0x00007fa790ca4000,0x00007fa790e1e000] byte_map_base: 0x00007fa79061d000

Marking Bits: (ParMarkBitMap*) 0x00007fa7941292a0
 Begin Bits: [0x00007fa77b870000, 0x00007fa77c438000)
 End Bits:   [0x00007fa77c438000, 0x00007fa77d000000)

Polling page: 0x00007fa794d6f000

CodeCache: size=245760Kb used=1145Kb max_used=1145Kb free=244614Kb
 bounds [0x00007fa77d000000, 0x00007fa77d270000, 0x00007fa78c000000]
 total_blobs=267 nmethods=43 adapters=148
 compilation: enabled

Compilation events (10 events):
Event: 0,424 Thread 0x00007fa78c0c0000   39       3       java.util.StringTokenizer::nextToken (92 bytes)
Event: 0,425 Thread 0x00007fa78c0c0000 nmethod 39 0x00007fa77d11bc90 code [0x00007fa77d11be40, 0x00007fa77d11c238]
Event: 0,425 Thread 0x00007fa78c0c0000   40       3       java.util.StringTokenizer::hasMoreTokens (29 bytes)
Event: 0,425 Thread 0x00007fa78c0c0000 nmethod 40 0x00007fa77d11c3d0 code [0x00007fa77d11c540, 0x00007fa77d11c748]
Event: 0,426 Thread 0x00007fa78c0c0000   41       3       java.lang.String::startsWith (72 bytes)
Event: 0,426 Thread 0x00007fa78c0c0000 nmethod 41 0x00007fa77d11c7d0 code [0x00007fa77d11c940, 0x00007fa77d11cc70]
Event: 0,426 Thread 0x00007fa78c0c0000   42       3       java.lang.String::startsWith (7 bytes)
Event: 0,426 Thread 0x00007fa78c0c0000 nmethod 42 0x00007fa77d11ce50 code [0x00007fa77d11cfc0, 0x00007fa77d11d1e8]
Event: 0,436 Thread 0x00007fa78c0c0000   43       3       java.util.Arrays::copyOf (19 bytes)
Event: 0,436 Thread 0x00007fa78c0c0000 nmethod 43 0x00007fa77d11d290 code [0x00007fa77d11d420, 0x00007fa77d11d748]

GC Heap History (0 events):
No events

Deoptimization events (0 events):
No events

Internal exceptions (9 events):
Event: 0,072 Thread 0x00007fa78c00d000 Exception <a 'java/lang/NoSuchMethodError': Method sun.misc.Unsafe.defineClass(Ljava/lang/String;[BII)Ljava/lang/Class; name or signature does not match> (0x00000000f0511ce0) thrown at [/HUDSON/workspace/8-2-build-linux-amd64/jdk8u31/2394/hotspot/src/shar
Event: 0,072 Thread 0x00007fa78c00d000 Exception <a 'java/lang/NoSuchMethodError': Method sun.misc.Unsafe.prefetchRead(Ljava/lang/Object;J)V name or signature does not match> (0x00000000f0511f70) thrown at [/HUDSON/workspace/8-2-build-linux-amd64/jdk8u31/2394/hotspot/src/share/vm/prims/jni.cpp
Event: 0,320 Thread 0x00007fa78c00d000 Exception <a 'java/security/PrivilegedActionException'> (0x00000000f05939b8) thrown at [/HUDSON/workspace/8-2-build-linux-amd64/jdk8u31/2394/hotspot/src/share/vm/prims/jvm.cpp, line 1312]
Event: 0,394 Thread 0x00007fa78c00d000 Exception <a 'java/security/PrivilegedActionException'> (0x00000000f06370a8) thrown at [/HUDSON/workspace/8-2-build-linux-amd64/jdk8u31/2394/hotspot/src/share/vm/prims/jvm.cpp, line 1312]
Event: 0,394 Thread 0x00007fa78c00d000 Exception <a 'java/security/PrivilegedActionException'> (0x00000000f06373f0) thrown at [/HUDSON/workspace/8-2-build-linux-amd64/jdk8u31/2394/hotspot/src/share/vm/prims/jvm.cpp, line 1312]
Event: 0,395 Thread 0x00007fa78c00d000 Exception <a 'java/security/PrivilegedActionException'> (0x00000000f0639910) thrown at [/HUDSON/workspace/8-2-build-linux-amd64/jdk8u31/2394/hotspot/src/share/vm/prims/jvm.cpp, line 1312]
Event: 0,396 Thread 0x00007fa78c00d000 Exception <a 'java/security/PrivilegedActionException'> (0x00000000f0639c58) thrown at [/HUDSON/workspace/8-2-build-linux-amd64/jdk8u31/2394/hotspot/src/share/vm/prims/jvm.cpp, line 1312]
Event: 0,435 Thread 0x00007fa78c00d000 Exception <a 'java/security/PrivilegedActionException'> (0x00000000f064f6b0) thrown at [/HUDSON/workspace/8-2-build-linux-amd64/jdk8u31/2394/hotspot/src/share/vm/prims/jvm.cpp, line 1312]
Event: 0,435 Thread 0x00007fa78c00d000 Exception <a 'java/security/PrivilegedActionException'> (0x00000000f0650b00) thrown at [/HUDSON/workspace/8-2-build-linux-amd64/jdk8u31/2394/hotspot/src/share/vm/prims/jvm.cpp, line 1312]

Events (10 events):
Event: 5380,683 Executing VM operation: GetOrSetLocal
Event: 5380,683 Executing VM operation: GetOrSetLocal done
Event: 5380,684 Executing VM operation: GetOrSetLocal
Event: 5380,684 Executing VM operation: GetOrSetLocal done
Event: 5380,752 loading class java/util/AbstractList$Itr
Event: 5380,753 loading class java/util/AbstractList$Itr done
Event: 5774,096 Executing VM operation: ChangeBreakpoints
Event: 5774,097 Executing VM operation: ChangeBreakpoints done
Event: 5774,208 Executing VM operation: RedefineClasses
Event: 5774,208 Executing VM operation: RedefineClasses done


Dynamic libraries:
00400000-00401000 r-xp 00000000 08:01 679608                             /usr/lib/jvm/java-8-oracle/bin/java
00600000-00601000 rw-p 00000000 08:01 679608                             /usr/lib/jvm/java-8-oracle/bin/java
01daf000-01dd0000 rw-p 00000000 00:00 0                                  [heap]
d0e00000-d2e00000 rw-p 00000000 00:00 0 
d2e00000-f0500000 ---p 00000000 00:00 0 
f0500000-f1500000 rw-p 00000000 00:00 0 
f1500000-100000000 ---p 00000000 00:00 0 
100000000-100080000 rw-p 00000000 00:00 0 
100080000-140000000 ---p 00000000 00:00 0 
7fa744000000-7fa744021000 rw-p 00000000 00:00 0 
7fa744021000-7fa748000000 ---p 00000000 00:00 0 
7fa748000000-7fa748021000 rw-p 00000000 00:00 0 
7fa748021000-7fa74c000000 ---p 00000000 00:00 0 
7fa74c000000-7fa74c04e000 rw-p 00000000 00:00 0 
7fa74c04e000-7fa750000000 ---p 00000000 00:00 0 
7fa750000000-7fa750068000 rw-p 00000000 00:00 0 
7fa750068000-7fa754000000 ---p 00000000 00:00 0 
7fa754000000-7fa754021000 rw-p 00000000 00:00 0 
7fa754021000-7fa758000000 ---p 00000000 00:00 0 
7fa758000000-7fa758021000 rw-p 00000000 00:00 0 
7fa758021000-7fa75c000000 ---p 00000000 00:00 0 
7fa75c000000-7fa75c021000 rw-p 00000000 00:00 0 
7fa75c021000-7fa760000000 ---p 00000000 00:00 0 
7fa760000000-7fa760033000 rw-p 00000000 00:00 0 
7fa760033000-7fa764000000 ---p 00000000 00:00 0 
7fa764000000-7fa764021000 rw-p 00000000 00:00 0 
7fa764021000-7fa768000000 ---p 00000000 00:00 0 
7fa768000000-7fa768021000 rw-p 00000000 00:00 0 
7fa768021000-7fa76c000000 ---p 00000000 00:00 0 
7fa76c000000-7fa76c021000 rw-p 00000000 00:00 0 
7fa76c021000-7fa770000000 ---p 00000000 00:00 0 
7fa770000000-7fa770021000 rw-p 00000000 00:00 0 
7fa770021000-7fa774000000 ---p 00000000 00:00 0 
7fa774000000-7fa774021000 rw-p 00000000 00:00 0 
7fa774021000-7fa778000000 ---p 00000000 00:00 0 
7fa779d38000-7fa779fae000 rw-p 00000000 00:00 0 
7fa779fae000-7fa779fca000 r--s 00393000 08:01 681451                     /usr/lib/jvm/java-8-oracle/jre/lib/ext/cldrdata.jar
7fa779fca000-7fa779fcb000 ---p 00000000 00:00 0 
7fa779fcb000-7fa77a0cb000 rw-p 00000000 00:00 0                          [stack:7909]
7fa77a0cb000-7fa77a0ce000 ---p 00000000 00:00 0 
7fa77a0ce000-7fa77a1cc000 rw-p 00000000 00:00 0                          [stack:7908]
7fa77a1cc000-7fa77a1cf000 ---p 00000000 00:00 0 
7fa77a1cf000-7fa77a2cd000 rw-p 00000000 00:00 0                          [stack:7906]
7fa77a2cd000-7fa77a2d0000 ---p 00000000 00:00 0 
7fa77a2d0000-7fa77a3ce000 rw-p 00000000 00:00 0                          [stack:7905]
7fa77a3ce000-7fa77a3d1000 ---p 00000000 00:00 0 
7fa77a3d1000-7fa77a4cf000 rw-p 00000000 00:00 0                          [stack:7903]
7fa77a4cf000-7fa77a4d2000 ---p 00000000 00:00 0 
7fa77a4d2000-7fa77a5d0000 rw-p 00000000 00:00 0                          [stack:7902]
7fa77a5d0000-7fa77a5d3000 ---p 00000000 00:00 0 
7fa77a5d3000-7fa77a6d1000 rw-p 00000000 00:00 0                          [stack:7899]
7fa77a6d1000-7fa77a6d5000 r-xp 00000000 08:01 681565                     /usr/lib/jvm/java-8-oracle/jre/lib/amd64/libdt_socket.so
7fa77a6d5000-7fa77a8d4000 ---p 00004000 08:01 681565                     /usr/lib/jvm/java-8-oracle/jre/lib/amd64/libdt_socket.so
7fa77a8d4000-7fa77a8d5000 rw-p 00003000 08:01 681565                     /usr/lib/jvm/java-8-oracle/jre/lib/amd64/libdt_socket.so
7fa77a8d5000-7fa77a8d8000 ---p 00000000 00:00 0 
7fa77a8d8000-7fa77a9d6000 rw-p 00000000 00:00 0                          [stack:7897]
7fa77a9d6000-7fa77a9d9000 ---p 00000000 00:00 0 
7fa77a9d9000-7fa77aad7000 rw-p 00000000 00:00 0                          [stack:7895]
7fa77aad7000-7fa77aada000 ---p 00000000 00:00 0 
7fa77aada000-7fa77abd8000 rw-p 00000000 00:00 0                          [stack:7894]
7fa77abd8000-7fa77abd9000 ---p 00000000 00:00 0 
7fa77abd9000-7fa77b624000 rw-p 00000000 00:00 0                          [stack:7893]
7fa77b624000-7fa77b7fa000 r--s 03cae000 08:01 681398                     /usr/lib/jvm/java-8-oracle/jre/lib/rt.jar
7fa77b7fa000-7fa77d000000 rw-p 00000000 00:00 0 
7fa77d000000-7fa77d270000 rwxp 00000000 00:00 0 
7fa77d270000-7fa78c000000 ---p 00000000 00:00 0 
7fa78c000000-7fa78c10b000 rw-p 00000000 00:00 0 
7fa78c10b000-7fa790000000 ---p 00000000 00:00 0 
7fa790001000-7fa79000c000 r--s 00116000 08:01 681457                     /usr/lib/jvm/java-8-oracle/jre/lib/ext/localedata.jar
7fa79000c000-7fa79046d000 rw-p 00000000 00:00 0 
7fa79046d000-7fa79082d000 ---p 00000000 00:00 0 
7fa79082d000-7fa7909a6000 rw-p 00000000 00:00 0 
7fa7909a6000-7fa7909a7000 ---p 00000000 00:00 0 
7fa7909a7000-7fa790aa7000 rw-p 00000000 00:00 0                          [stack:7892]
7fa790aa7000-7fa790aa8000 ---p 00000000 00:00 0 
7fa790aa8000-7fa790bb8000 rw-p 00000000 00:00 0                          [stack:7891]
7fa790bb8000-7fa790ca4000 ---p 00000000 00:00 0 
7fa790ca4000-7fa790cb4000 rw-p 00000000 00:00 0 
7fa790cb4000-7fa790d9f000 ---p 00000000 00:00 0 
7fa790d9f000-7fa790da8000 rw-p 00000000 00:00 0 
7fa790da8000-7fa790e1d000 ---p 00000000 00:00 0 
7fa790e1d000-7fa790e28000 rw-p 00000000 00:00 0 
7fa790e28000-7fa7911de000 ---p 00000000 00:00 0 
7fa7911de000-7fa7911f8000 r-xp 00000000 08:01 681592                     /usr/lib/jvm/java-8-oracle/jre/lib/amd64/libzip.so
7fa7911f8000-7fa7913f8000 ---p 0001a000 08:01 681592                     /usr/lib/jvm/java-8-oracle/jre/lib/amd64/libzip.so
7fa7913f8000-7fa7913f9000 rw-p 0001a000 08:01 681592                     /usr/lib/jvm/java-8-oracle/jre/lib/amd64/libzip.so
7fa7913f9000-7fa791404000 r-xp 00000000 08:01 280168                     /lib/x86_64-linux-gnu/libnss_files-2.19.so
7fa791404000-7fa791603000 ---p 0000b000 08:01 280168                     /lib/x86_64-linux-gnu/libnss_files-2.19.so
7fa791603000-7fa791604000 r--p 0000a000 08:01 280168                     /lib/x86_64-linux-gnu/libnss_files-2.19.so
7fa791604000-7fa791605000 rw-p 0000b000 08:01 280168                     /lib/x86_64-linux-gnu/libnss_files-2.19.so
7fa791605000-7fa791610000 r-xp 00000000 08:01 280152                     /lib/x86_64-linux-gnu/libnss_nis-2.19.so
7fa791610000-7fa79180f000 ---p 0000b000 08:01 280152                     /lib/x86_64-linux-gnu/libnss_nis-2.19.so
7fa79180f000-7fa791810000 r--p 0000a000 08:01 280152                     /lib/x86_64-linux-gnu/libnss_nis-2.19.so
7fa791810000-7fa791811000 rw-p 0000b000 08:01 280152                     /lib/x86_64-linux-gnu/libnss_nis-2.19.so
7fa791811000-7fa791828000 r-xp 00000000 08:01 280170                     /lib/x86_64-linux-gnu/libnsl-2.19.so
7fa791828000-7fa791a27000 ---p 00017000 08:01 280170                     /lib/x86_64-linux-gnu/libnsl-2.19.so
7fa791a27000-7fa791a28000 r--p 00016000 08:01 280170                     /lib/x86_64-linux-gnu/libnsl-2.19.so
7fa791a28000-7fa791a29000 rw-p 00017000 08:01 280170                     /lib/x86_64-linux-gnu/libnsl-2.19.so
7fa791a29000-7fa791a2b000 rw-p 00000000 00:00 0 
7fa791a2b000-7fa791a34000 r-xp 00000000 08:01 280163                     /lib/x86_64-linux-gnu/libnss_compat-2.19.so
7fa791a34000-7fa791c33000 ---p 00009000 08:01 280163                     /lib/x86_64-linux-gnu/libnss_compat-2.19.so
7fa791c33000-7fa791c34000 r--p 00008000 08:01 280163                     /lib/x86_64-linux-gnu/libnss_compat-2.19.so
7fa791c34000-7fa791c35000 rw-p 00009000 08:01 280163                     /lib/x86_64-linux-gnu/libnss_compat-2.19.so
7fa791c35000-7fa792448000 r--p 00000000 08:01 533565                     /usr/lib/locale/locale-archive
7fa792448000-7fa79244a000 r-xp 00000000 08:01 681566                     /usr/lib/jvm/java-8-oracle/jre/lib/amd64/libnpt.so
7fa79244a000-7fa79264a000 ---p 00002000 08:01 681566                     /usr/lib/jvm/java-8-oracle/jre/lib/amd64/libnpt.so
7fa79264a000-7fa79264b000 rw-p 00002000 08:01 681566                     /usr/lib/jvm/java-8-oracle/jre/lib/amd64/libnpt.so
7fa79264b000-7fa792684000 r-xp 00000000 08:01 681583                     /usr/lib/jvm/java-8-oracle/jre/lib/amd64/libjdwp.so
7fa792684000-7fa792883000 ---p 00039000 08:01 681583                     /usr/lib/jvm/java-8-oracle/jre/lib/amd64/libjdwp.so
7fa792883000-7fa792885000 rw-p 00038000 08:01 681583                     /usr/lib/jvm/java-8-oracle/jre/lib/amd64/libjdwp.so
7fa792885000-7fa7928af000 r-xp 00000000 08:01 681587                     /usr/lib/jvm/java-8-oracle/jre/lib/amd64/libjava.so
7fa7928af000-7fa792aaf000 ---p 0002a000 08:01 681587                     /usr/lib/jvm/java-8-oracle/jre/lib/amd64/libjava.so
7fa792aaf000-7fa792ab1000 rw-p 0002a000 08:01 681587                     /usr/lib/jvm/java-8-oracle/jre/lib/amd64/libjava.so
7fa792ab1000-7fa792abe000 r-xp 00000000 08:01 681591                     /usr/lib/jvm/java-8-oracle/jre/lib/amd64/libverify.so
7fa792abe000-7fa792cbe000 ---p 0000d000 08:01 681591                     /usr/lib/jvm/java-8-oracle/jre/lib/amd64/libverify.so
7fa792cbe000-7fa792cc0000 rw-p 0000d000 08:01 681591                     /usr/lib/jvm/java-8-oracle/jre/lib/amd64/libverify.so
7fa792cc0000-7fa792cc7000 r-xp 00000000 08:01 280166                     /lib/x86_64-linux-gnu/librt-2.19.so
7fa792cc7000-7fa792ec6000 ---p 00007000 08:01 280166                     /lib/x86_64-linux-gnu/librt-2.19.so
7fa792ec6000-7fa792ec7000 r--p 00006000 08:01 280166                     /lib/x86_64-linux-gnu/librt-2.19.so
7fa792ec7000-7fa792ec8000 rw-p 00007000 08:01 280166                     /lib/x86_64-linux-gnu/librt-2.19.so
7fa792ec8000-7fa792fcd000 r-xp 00000000 08:01 280167                     /lib/x86_64-linux-gnu/libm-2.19.so
7fa792fcd000-7fa7931cc000 ---p 00105000 08:01 280167                     /lib/x86_64-linux-gnu/libm-2.19.so
7fa7931cc000-7fa7931cd000 r--p 00104000 08:01 280167                     /lib/x86_64-linux-gnu/libm-2.19.so
7fa7931cd000-7fa7931ce000 rw-p 00105000 08:01 280167                     /lib/x86_64-linux-gnu/libm-2.19.so
7fa7931ce000-7fa793e3c000 r-xp 00000000 08:01 681573                     /usr/lib/jvm/java-8-oracle/jre/lib/amd64/server/libjvm.so
7fa793e3c000-7fa79403b000 ---p 00c6e000 08:01 681573                     /usr/lib/jvm/java-8-oracle/jre/lib/amd64/server/libjvm.so
7fa79403b000-7fa794111000 rw-p 00c6d000 08:01 681573                     /usr/lib/jvm/java-8-oracle/jre/lib/amd64/server/libjvm.so
7fa794111000-7fa794154000 rw-p 00000000 00:00 0 
7fa794154000-7fa79430e000 r-xp 00000000 08:01 280171                     /lib/x86_64-linux-gnu/libc-2.19.so
7fa79430e000-7fa79450e000 ---p 001ba000 08:01 280171                     /lib/x86_64-linux-gnu/libc-2.19.so
7fa79450e000-7fa794512000 r--p 001ba000 08:01 280171                     /lib/x86_64-linux-gnu/libc-2.19.so
7fa794512000-7fa794514000 rw-p 001be000 08:01 280171                     /lib/x86_64-linux-gnu/libc-2.19.so
7fa794514000-7fa794519000 rw-p 00000000 00:00 0 
7fa794519000-7fa79451c000 r-xp 00000000 08:01 280160                     /lib/x86_64-linux-gnu/libdl-2.19.so
7fa79451c000-7fa79471b000 ---p 00003000 08:01 280160                     /lib/x86_64-linux-gnu/libdl-2.19.so
7fa79471b000-7fa79471c000 r--p 00002000 08:01 280160                     /lib/x86_64-linux-gnu/libdl-2.19.so
7fa79471c000-7fa79471d000 rw-p 00003000 08:01 280160                     /lib/x86_64-linux-gnu/libdl-2.19.so
7fa79471d000-7fa794732000 r-xp 00000000 08:01 681214                     /usr/lib/jvm/java-8-oracle/lib/amd64/jli/libjli.so
7fa794732000-7fa794931000 ---p 00015000 08:01 681214                     /usr/lib/jvm/java-8-oracle/lib/amd64/jli/libjli.so
7fa794931000-7fa794932000 rw-p 00014000 08:01 681214                     /usr/lib/jvm/java-8-oracle/lib/amd64/jli/libjli.so
7fa794932000-7fa79494b000 r-xp 00000000 08:01 280173                     /lib/x86_64-linux-gnu/libpthread-2.19.so
7fa79494b000-7fa794b4a000 ---p 00019000 08:01 280173                     /lib/x86_64-linux-gnu/libpthread-2.19.so
7fa794b4a000-7fa794b4b000 r--p 00018000 08:01 280173                     /lib/x86_64-linux-gnu/libpthread-2.19.so
7fa794b4b000-7fa794b4c000 rw-p 00019000 08:01 280173                     /lib/x86_64-linux-gnu/libpthread-2.19.so
7fa794b4c000-7fa794b50000 rw-p 00000000 00:00 0 
7fa794b50000-7fa794b73000 r-xp 00000000 08:01 280159                     /lib/x86_64-linux-gnu/ld-2.19.so
7fa794b7c000-7fa794c4e000 rw-p 00000000 00:00 0 
7fa794c4e000-7fa794c51000 ---p 00000000 00:00 0 
7fa794c51000-7fa794d53000 rw-p 00000000 00:00 0                          [stack:7890]
7fa794d54000-7fa794d66000 rw-p 00000000 00:00 0 
7fa794d66000-7fa794d6e000 rw-s 00000000 08:01 403711                     /tmp/hsperfdata_nadia/7884
7fa794d6e000-7fa794d6f000 rw-p 00000000 00:00 0 
7fa794d6f000-7fa794d70000 r--p 00000000 00:00 0 
7fa794d70000-7fa794d72000 rw-p 00000000 00:00 0 
7fa794d72000-7fa794d73000 r--p 00022000 08:01 280159                     /lib/x86_64-linux-gnu/ld-2.19.so
7fa794d73000-7fa794d74000 rw-p 00023000 08:01 280159                     /lib/x86_64-linux-gnu/ld-2.19.so
7fa794d74000-7fa794d75000 rw-p 00000000 00:00 0 
7ffffced3000-7ffffcef4000 rw-p 00000000 00:00 0                          [stack]
7ffffcffc000-7ffffcffe000 r-xp 00000000 00:00 0                          [vdso]
7ffffcffe000-7ffffd000000 r--p 00000000 00:00 0                          [vvar]
ffffffffff600000-ffffffffff601000 r-xp 00000000 00:00 0                  [vsyscall]

VM Arguments:
jvm_args: -agentlib:jdwp=transport=dt_socket,suspend=y,address=localhost:35559 -Dfile.encoding=UTF-8 
java_command: Exam4.dadada
java_class_path (initial): /home/nadia/java/JavaCollections/Exams/bin
Launcher Type: SUN_STANDARD

Environment Variables:
JAVA_HOME=/usr/lib/jvm/java-8-oracle
PATH=/usr/local/sbin:/usr/local/bin:/usr/sbin:/usr/bin:/sbin:/bin:/usr/games:/usr/local/games:/usr/lib/jvm/java-8-oracle/bin:/usr/lib/jvm/java-8-oracle/db/bin:/usr/lib/jvm/java-8-oracle/jre/bin
SHELL=/bin/bash
DISPLAY=:0.0

Signal Handlers:
SIGSEGV: [libjvm.so+0xa7a650], sa_mask[0]=11111111011111111101111111111110, sa_flags=SA_RESTART|SA_SIGINFO
SIGBUS: [libjvm.so+0xa7a650], sa_mask[0]=11111111011111111101111111111110, sa_flags=SA_RESTART|SA_SIGINFO
SIGFPE: [libjvm.so+0x8e28f0], sa_mask[0]=11111111011111111101111111111110, sa_flags=SA_RESTART|SA_SIGINFO
SIGPIPE: [libjvm.so+0x8e28f0], sa_mask[0]=11111111011111111101111111111110, sa_flags=SA_RESTART|SA_SIGINFO
SIGXFSZ: [libjvm.so+0x8e28f0], sa_mask[0]=11111111011111111101111111111110, sa_flags=SA_RESTART|SA_SIGINFO
SIGILL: [libjvm.so+0x8e28f0], sa_mask[0]=11111111011111111101111111111110, sa_flags=SA_RESTART|SA_SIGINFO
SIGUSR1: SIG_DFL, sa_mask[0]=00000000000000000000000000000000, sa_flags=none
SIGUSR2: [libjvm.so+0x8e4120], sa_mask[0]=00100000000000000000000000000000, sa_flags=SA_RESTART|SA_SIGINFO
SIGHUP: [libjvm.so+0x8e54e0], sa_mask[0]=11111111011111111101111111111110, sa_flags=SA_RESTART|SA_SIGINFO
SIGINT: [libjvm.so+0x8e54e0], sa_mask[0]=11111111011111111101111111111110, sa_flags=SA_RESTART|SA_SIGINFO
SIGTERM: [libjvm.so+0x8e54e0], sa_mask[0]=11111111011111111101111111111110, sa_flags=SA_RESTART|SA_SIGINFO
SIGQUIT: [libjvm.so+0x8e54e0], sa_mask[0]=11111111011111111101111111111110, sa_flags=SA_RESTART|SA_SIGINFO


---------------  S Y S T E M  ---------------

OS:DISTRIB_ID=Ubuntu
DISTRIB_RELEASE=14.10
DISTRIB_CODENAME=utopic
DISTRIB_DESCRIPTION="Ubuntu 14.10"

uname:Linux 3.16.0-29-generic #39-Ubuntu SMP Mon Dec 15 22:27:29 UTC 2014 x86_64
libc:glibc 2.19 NPTL 2.19 
rlimit: STACK 8192k, CORE 0k, NPROC 11950, NOFILE 4096, AS infinity
load average:0,60 0,53 0,35

/proc/meminfo:
MemTotal:        3081636 kB
MemFree:          210040 kB
MemAvailable:     983704 kB
Buffers:          125900 kB
Cached:           724840 kB
SwapCached:         4020 kB
Active:          1792064 kB
Inactive:         901936 kB
Active(anon):    1313064 kB
Inactive(anon):   536604 kB
Active(file):     479000 kB
Inactive(file):   365332 kB
Unevictable:           0 kB
Mlocked:               0 kB
SwapTotal:       3143676 kB
SwapFree:        3124628 kB
Dirty:                72 kB
Writeback:             0 kB
AnonPages:       1840788 kB
Mapped:           361504 kB
Shmem:              6412 kB
Slab:             104480 kB
SReclaimable:      83908 kB
SUnreclaim:        20572 kB
KernelStack:        7280 kB
PageTables:        31384 kB
NFS_Unstable:          0 kB
Bounce:                0 kB
WritebackTmp:          0 kB
CommitLimit:     4684492 kB
Committed_AS:    4457080 kB
VmallocTotal:   34359738367 kB
VmallocUsed:       78280 kB
VmallocChunk:   34359652228 kB
HardwareCorrupted:     0 kB
AnonHugePages:   1148928 kB
HugePages_Total:       0
HugePages_Free:        0
HugePages_Rsvd:        0
HugePages_Surp:        0
Hugepagesize:       2048 kB
DirectMap4k:       42944 kB
DirectMap2M:     3102720 kB


CPU:total 2 (2 cores per cpu, 1 threads per core) family 6 model 42 stepping 7, cmov, cx8, fxsr, mmx, sse, sse2, sse3, ssse3, tsc

/proc/cpuinfo:
processor	: 0
vendor_id	: GenuineIntel
cpu family	: 6
model		: 42
model name	: Intel(R) Core(TM) i5-2320 CPU @ 3.00GHz
stepping	: 7
cpu MHz		: 2874.114
cache size	: 6144 KB
physical id	: 0
siblings	: 2
core id		: 0
cpu cores	: 2
apicid		: 0
initial apicid	: 0
fpu		: yes
fpu_exception	: yes
cpuid level	: 5
wp		: yes
flags		: fpu vme de pse tsc msr pae mce cx8 apic sep mtrr pge mca cmov pat pse36 clflush mmx fxsr sse sse2 ht syscall nx rdtscp lm constant_tsc rep_good nopl pni ssse3 lahf_lm
bogomips	: 5748.22
clflush size	: 64
cache_alignment	: 64
address sizes	: 36 bits physical, 48 bits virtual
power management:

processor	: 1
vendor_id	: GenuineIntel
cpu family	: 6
model		: 42
model name	: Intel(R) Core(TM) i5-2320 CPU @ 3.00GHz
stepping	: 7
cpu MHz		: 2874.114
cache size	: 6144 KB
physical id	: 0
siblings	: 2
core id		: 1
cpu cores	: 2
apicid		: 1
initial apicid	: 1
fpu		: yes
fpu_exception	: yes
cpuid level	: 5
wp		: yes
flags		: fpu vme de pse tsc msr pae mce cx8 apic sep mtrr pge mca cmov pat pse36 clflush mmx fxsr sse sse2 ht syscall nx rdtscp lm constant_tsc rep_good nopl pni ssse3 lahf_lm
bogomips	: 5748.22
clflush size	: 64
cache_alignment	: 64
address sizes	: 36 bits physical, 48 bits virtual
power management:



Memory: 4k page, physical 3081636k(210040k free), swap 3143676k(3124628k free)

vm_info: Java HotSpot(TM) 64-Bit Server VM (25.31-b07) for linux-amd64 JRE (1.8.0_31-b13), built on Dec 17 2014 20:40:15 by "java_re" with gcc 4.3.0 20080428 (Red Hat 4.3.0-8)

time: Fri Feb  6 13:01:26 2015
elapsed time: 5774 seconds (0d 1h 36m 14s)

